已經開始建置於 2013/4/10 下午 12:33:01。
     1>節點 2 (build 目標) 上的專案 "F:\C++OO\CCourse 4-10\CCourse 4-10\CCourse 4-10.vcxproj"。
     1>InitializeBuildStatus:
         正在變更時間戳記 "Debug\CCourse 4-10.unsuccessfulbuild"。
       ClCompile:
         所有輸出都是最新的。
         C:\Program Files (x86)\Microsoft Visual Studio 10.0\VC\bin\CL.exe /c /ZI /nologo /W3 /WX- /Od /Oy- /D WIN32 /D _DEBUG /D _CONSOLE /D _UNICODE /D UNICODE /Gm /EHsc /RTC1 /MDd /GS /fp:precise /Zc:wchar_t /Zc:forScope /Yu"StdAfx.h" /Fp"Debug\CCourse 4-10.pch" /Fo"Debug\\" /Fd"Debug\vc100.pdb" /Gd /TP /analyze- /errorReport:prompt "CCourse 4-10.cpp"
         CCourse 4-10.cpp
     1>f:\c++oo\ccourse 4-10\ccourse 4-10\cgradelisr.h(32): warning C4244: '=' : 將 'int' 轉換為 'float'，由於型別不同，可能導致資料遺失
     1>f:\c++oo\ccourse 4-10\ccourse 4-10\cgradelisr.h(62): warning C4244: '引數' : 將 'time_t' 轉換為 'unsigned int'，由於型別不同，可能導致資料遺失
       ManifestResourceCompile:
         所有輸出都是最新的。
       Link:
         C:\Program Files (x86)\Microsoft Visual Studio 10.0\VC\bin\link.exe /ERRORREPORT:PROMPT /OUT:"F:\C++OO\CCourse 4-10\Debug\CCourse 4-10.exe" /INCREMENTAL /NOLOGO kernel32.lib user32.lib gdi32.lib winspool.lib comdlg32.lib advapi32.lib shell32.lib ole32.lib oleaut32.lib uuid.lib odbc32.lib odbccp32.lib /MANIFEST /ManifestFile:"Debug\CCourse 4-10.exe.intermediate.manifest" /MANIFESTUAC:"level='asInvoker' uiAccess='false'" /DEBUG /PDB:"F:\C++OO\CCourse 4-10\Debug\CCourse 4-10.pdb" /SUBSYSTEM:CONSOLE /TLBID:1 /DYNAMICBASE /NXCOMPAT /IMPLIB:"F:\C++OO\CCourse 4-10\Debug\CCourse 4-10.lib" /MACHINE:X86 "Debug\CCourse 4-10.exe.embed.manifest.res"
         "Debug\CCourse 4-10.obj"
         Debug\stdafx.obj
       Manifest:
         C:\Program Files (x86)\Microsoft SDKs\Windows\v7.0A\bin\mt.exe /nologo /verbose /out:"Debug\CCourse 4-10.exe.embed.manifest" /manifest "Debug\CCourse 4-10.exe.intermediate.manifest"
         所有輸出都是最新的。
       LinkEmbedManifest:
         所有輸出都是最新的。
         CCourse 4-10.vcxproj -> F:\C++OO\CCourse 4-10\Debug\CCourse 4-10.exe
       FinalizeBuildStatus:
         正在刪除檔案 "Debug\CCourse 4-10.unsuccessfulbuild"。
         正在變更時間戳記 "Debug\CCourse 4-10.lastbuildstate"。
     1>專案 "F:\C++OO\CCourse 4-10\CCourse 4-10\CCourse 4-10.vcxproj" (build 目標) 建置完成。

建置成功。

經過時間 00:00:00.53
