已經開始建置於 2013/4/11 下午 11:32:02。
     1>節點 2 (build 目標) 上的專案 "F:\C++OO\2013410 nmath\2013410 nmath\2013410 nmath.vcxproj"。
     1>InitializeBuildStatus:
         正在變更時間戳記 "Debug\2013410 nmath.unsuccessfulbuild"。
       ClCompile:
         所有輸出都是最新的。
         C:\Program Files (x86)\Microsoft Visual Studio 10.0\VC\bin\CL.exe /c /ZI /nologo /W3 /WX- /Od /Oy- /D WIN32 /D _DEBUG /D _CONSOLE /D _UNICODE /D UNICODE /Gm /EHsc /RTC1 /MDd /GS /fp:precise /Zc:wchar_t /Zc:forScope /Yu"StdAfx.h" /Fp"Debug\2013410 nmath.pch" /Fo"Debug\\" /Fd"Debug\vc100.pdb" /Gd /TP /analyze- /errorReport:prompt "2013410 nmath.cpp"
         2013410 nmath.cpp
     1>f:\c++oo\2013410 nmath\2013410 nmath\2013410 nmath.cpp(14): warning C4101: 'i' : 未參考的區域變數
     1>f:\c++oo\2013410 nmath\2013410 nmath\2013410 nmath.cpp(13): warning C4101: 'n' : 未參考的區域變數
     1>f:\c++oo\2013410 nmath\2013410 nmath\2013410 nmath.cpp(15): warning C4101: 'y1' : 未參考的區域變數
     1>f:\c++oo\2013410 nmath\2013410 nmath\2013410 nmath.cpp(14): warning C4101: 'z' : 未參考的區域變數
       ManifestResourceCompile:
         所有輸出都是最新的。
       Link:
         C:\Program Files (x86)\Microsoft Visual Studio 10.0\VC\bin\link.exe /ERRORREPORT:PROMPT /OUT:"F:\C++OO\2013410 nmath\Debug\2013410 nmath.exe" /INCREMENTAL /NOLOGO kernel32.lib user32.lib gdi32.lib winspool.lib comdlg32.lib advapi32.lib shell32.lib ole32.lib oleaut32.lib uuid.lib odbc32.lib odbccp32.lib /MANIFEST /ManifestFile:"Debug\2013410 nmath.exe.intermediate.manifest" /MANIFESTUAC:"level='asInvoker' uiAccess='false'" /DEBUG /PDB:"F:\C++OO\2013410 nmath\Debug\2013410 nmath.pdb" /SUBSYSTEM:CONSOLE /TLBID:1 /DYNAMICBASE /NXCOMPAT /IMPLIB:"F:\C++OO\2013410 nmath\Debug\2013410 nmath.lib" /MACHINE:X86 "Debug\2013410 nmath.exe.embed.manifest.res"
         "Debug\2013410 nmath.obj"
         Debug\stdafx.obj
       Manifest:
         C:\Program Files (x86)\Microsoft SDKs\Windows\v7.0A\bin\mt.exe /nologo /verbose /out:"Debug\2013410 nmath.exe.embed.manifest" /manifest "Debug\2013410 nmath.exe.intermediate.manifest"
         所有輸出都是最新的。
       LinkEmbedManifest:
         所有輸出都是最新的。
         2013410 nmath.vcxproj -> F:\C++OO\2013410 nmath\Debug\2013410 nmath.exe
       FinalizeBuildStatus:
         正在刪除檔案 "Debug\2013410 nmath.unsuccessfulbuild"。
         正在變更時間戳記 "Debug\2013410 nmath.lastbuildstate"。
     1>專案 "F:\C++OO\2013410 nmath\2013410 nmath\2013410 nmath.vcxproj" (build 目標) 建置完成。

建置成功。

經過時間 00:00:00.64
