已經開始建置於 2013/5/30 下午 02:46:54。
     1>節點 2 (build 目標) 上的專案 "F:\C++OO\virtual funtion\virtual funtion\virtual funtion.vcxproj"。
     1>InitializeBuildStatus:
         由於指定了 "AlwaysCreate"，因此正在建立 "Debug\virtual funtion.unsuccessfulbuild"。
       ClCompile:
         C:\Program Files\Microsoft Visual Studio 10.0\VC\bin\CL.exe /c /ZI /nologo /W3 /WX- /Od /Oy- /D WIN32 /D _DEBUG /D _CONSOLE /D _UNICODE /D UNICODE /Gm /EHsc /RTC1 /MDd /GS /fp:precise /Zc:wchar_t /Zc:forScope /Yc"StdAfx.h" /Fp"Debug\virtual funtion.pch" /Fo"Debug\\" /Fd"Debug\vc100.pdb" /Gd /TP /analyze- /errorReport:prompt stdafx.cpp
         stdafx.cpp
         C:\Program Files\Microsoft Visual Studio 10.0\VC\bin\CL.exe /c /ZI /nologo /W3 /WX- /Od /Oy- /D WIN32 /D _DEBUG /D _CONSOLE /D _UNICODE /D UNICODE /Gm /EHsc /RTC1 /MDd /GS /fp:precise /Zc:wchar_t /Zc:forScope /Yu"StdAfx.h" /Fp"Debug\virtual funtion.pch" /Fo"Debug\\" /Fd"Debug\vc100.pdb" /Gd /TP /analyze- /errorReport:prompt "virtual funtion.cpp"
         virtual funtion.cpp
       ManifestResourceCompile:
         所有輸出都是最新的。
       Link:
         C:\Program Files\Microsoft Visual Studio 10.0\VC\bin\link.exe /ERRORREPORT:PROMPT /OUT:"F:\C++OO\virtual funtion\Debug\virtual funtion.exe" /INCREMENTAL /NOLOGO kernel32.lib user32.lib gdi32.lib winspool.lib comdlg32.lib advapi32.lib shell32.lib ole32.lib oleaut32.lib uuid.lib odbc32.lib odbccp32.lib /MANIFEST /ManifestFile:"Debug\virtual funtion.exe.intermediate.manifest" /MANIFESTUAC:"level='asInvoker' uiAccess='false'" /DEBUG /PDB:"F:\C++OO\virtual funtion\Debug\virtual funtion.pdb" /SUBSYSTEM:CONSOLE /TLBID:1 /DYNAMICBASE /NXCOMPAT /IMPLIB:"F:\C++OO\virtual funtion\Debug\virtual funtion.lib" /MACHINE:X86 "Debug\virtual funtion.exe.embed.manifest.res"
         Debug\stdafx.obj
         "Debug\virtual funtion.obj"
       Manifest:
         C:\Program Files\Microsoft SDKs\Windows\v7.0A\bin\mt.exe /nologo /verbose /out:"Debug\virtual funtion.exe.embed.manifest" /manifest "Debug\virtual funtion.exe.intermediate.manifest"
         所有輸出都是最新的。
       LinkEmbedManifest:
         所有輸出都是最新的。
         virtual funtion.vcxproj -> F:\C++OO\virtual funtion\Debug\virtual funtion.exe
       FinalizeBuildStatus:
         正在刪除檔案 "Debug\virtual funtion.unsuccessfulbuild"。
         正在變更時間戳記 "Debug\virtual funtion.lastbuildstate"。
     1>專案 "F:\C++OO\virtual funtion\virtual funtion\virtual funtion.vcxproj" (build 目標) 建置完成。

建置成功。

經過時間 00:00:04.57
